<?xml version="1.0" encoding="UTF-8"?>
<!-- Generated by org.testng.reporters.JUnitReportReporter -->
<testsuite hostname="BDC6-DX-6GN5NK2" name="seleniumdemos1.NewTest1" tests="1" failures="0" timestamp="13 Nov 2019 09:37:17 GMT" time="3.691" errors="0">
  <testcase name="openTestMe" time="3.691" classname="seleniumdemos1.NewTest1"/>
</testsuite> <!-- seleniumdemos1.NewTest1 -->
