<?xml version="1.0" encoding="UTF-8"?>
<!-- Generated by org.testng.reporters.JUnitReportReporter -->
<testsuite hostname="BDC6-DX-6GN5NK2" name="seleniumdemos1.search" tests="1" failures="0" timestamp="14 Nov 2019 05:47:23 GMT" time="7.247" errors="0">
  <testcase name="searchbar" time="7.247" classname="seleniumdemos1.search"/>
</testsuite> <!-- seleniumdemos1.search -->
