<?xml version="1.0" encoding="UTF-8"?>
<!-- Generated by org.testng.reporters.JUnitReportReporter -->
<testsuite hostname="BDC6-DX-6GN5NK2" name="seleniumdemos1.csscene3" tests="1" failures="0" timestamp="15 Nov 2019 04:50:57 GMT" time="7.955" errors="0">
  <testcase name="testRegistration" time="7.955" classname="seleniumdemos1.csscene3"/>
</testsuite> <!-- seleniumdemos1.csscene3 -->
