<?xml version="1.0" encoding="UTF-8"?>
<!-- Generated by org.testng.reporters.JUnitReportReporter -->
<testsuite hostname="BDC6-DX-6GN5NK2" name="seleniumdemos1.login" tests="3" failures="0" timestamp="14 Nov 2019 09:58:37 GMT" time="9.066" errors="0">
  <testcase name="f" time="0.463" classname="seleniumdemos1.login"/>
  <testcase name="f" time="7.990" classname="seleniumdemos1.login"/>
  <testcase name="f" time="0.613" classname="seleniumdemos1.login"/>
</testsuite> <!-- seleniumdemos1.login -->
