<?xml version="1.0" encoding="UTF-8"?>
<!-- Generated by org.testng.reporters.JUnitReportReporter -->
<testsuite hostname="BDC6-DX-6GN5NK2" name="seleniumdemos1.csscene5" tests="1" failures="0" timestamp="15 Nov 2019 09:49:08 GMT" time="16.617" errors="0">
  <testcase name="addcart" time="16.617" classname="seleniumdemos1.csscene5"/>
</testsuite> <!-- seleniumdemos1.csscene5 -->
