<?xml version="1.0" encoding="UTF-8"?>
<!-- Generated by org.testng.reporters.JUnitReportReporter -->
<testsuite hostname="BDC6-DX-6GN5NK2" name="seleniumdemos1.excel" tests="1" failures="0" timestamp="14 Nov 2019 10:00:17 GMT" time="0.717" errors="0">
  <testcase name="excelimport" time="0.717" classname="seleniumdemos1.excel"/>
</testsuite> <!-- seleniumdemos1.excel -->
