<?xml version="1.0" encoding="UTF-8"?>
<!-- Generated by org.testng.reporters.JUnitReportReporter -->
<testsuite hostname="BDC6-DX-6GN5NK2" name="seleniumdemos1.aboutus" tests="1" failures="0" timestamp="14 Nov 2019 04:23:08 GMT" time="1.534" errors="0">
  <testcase name="testaboutus" time="1.534" classname="seleniumdemos1.aboutus"/>
</testsuite> <!-- seleniumdemos1.aboutus -->
