<?xml version="1.0" encoding="UTF-8"?>
<!-- Generated by org.testng.reporters.JUnitReportReporter -->
<testsuite hostname="BDC6-DX-6GN5NK2" name="seleniumdemos.NewTest" tests="1" failures="0" timestamp="13 Nov 2019 04:28:23 GMT" time="0.344" errors="0">
  <testcase name="openTestMe" time="0.344" classname="seleniumdemos.NewTest"/>
</testsuite> <!-- seleniumdemos.NewTest -->
