<?xml version="1.0" encoding="UTF-8"?>
<!-- Generated by org.testng.reporters.JUnitReportReporter -->
<testsuite hostname="BDC6-DX-6GN5NK2" name="seleniumdemos1.csscene4" tests="1" failures="0" timestamp="15 Nov 2019 06:01:15 GMT" time="3.876" errors="0">
  <testcase name="login" time="3.876" classname="seleniumdemos1.csscene4"/>
</testsuite> <!-- seleniumdemos1.csscene4 -->
